2024-11-10 00:06:07,768 - ERROR - Error fetching web traffic for https://hubpages.com/signin?explain=follow+Hubs&url=/hub/Comfort-Theories-of-Religion: <urlopen error [Errno 11001] getaddrinfo failed>
2024-11-10 00:06:17,399 - ERROR - Error fetching web traffic for http://extratorrent.cc/torrent/4190536/AOMEI+Backupper+Technician+++Server+Edition+2.8.0+++Patch+++Key+++100%+Working.html: <urlopen error [Errno 11001] getaddrinfo failed>
2024-11-10 00:06:29,889 - ERROR - Error fetching web traffic for http://icicibank.com/Personal-Banking/offers/offer-detail.page?id=offer-ezeego-domestic-airtravel-20141407112611060: <urlopen error [Errno 11001] getaddrinfo failed>
2024-11-10 00:06:32,684 - ERROR - Error fetching web traffic for http://nypost.com/2015/05/07/us-indifference-leaves-saudis-partnering-with-terrorists/: <urlopen error [Errno 11001] getaddrinfo failed>
2024-11-10 00:06:34,606 - ERROR - Error trying to connect to socket: closing socket - [Errno 11001] getaddrinfo failed
2024-11-10 00:06:34,789 - ERROR - Error fetching web traffic for http://kienthuc.net.vn/diem-thi/diem-chuan-dh-cong-nghe-giao-thong-van-tai-nam-2014-482407.html: <urlopen error [Errno 11001] getaddrinfo failed>
2024-11-10 00:06:38,511 - ERROR - Error fetching web traffic for http://tobogo.net/cdsb/board.php?board=greet&bm=view&no=5716&category=&auth=&page=1&search=&keyword=&recom=: <urlopen error [Errno 11001] getaddrinfo failed>
2024-11-10 00:06:41,380 - ERROR - Error fetching web traffic for http://akhbarelyom.com/news/newdetails/411395/1/\u0645\u062d\u0627\u0641\u0638-\u0627\u0644\u0628\u062d\u064a\u0631.html: 'ascii' codec can't encode characters in position 75-79: ordinal not in range(128)
2024-11-10 00:06:43,798 - ERROR - Error fetching web traffic for http://tunein.com/radio/Carolina-Mudcats-at-Myrtle-Beach-Pelicans-May-13-2015-p729095/15480783/ca-pub-1542925551861702/ProgramTopBanner: <urlopen error [Errno 11001] getaddrinfo failed>
2024-11-10 00:06:47,509 - ERROR - Error fetching web traffic for https://tune.pk/video/6046458/canelo-vs-kirkland-highlights-hbo-world-championship-boxing: <urlopen error [Errno 11001] getaddrinfo failed>
2024-11-10 00:07:10,649 - ERROR - Error fetching web traffic for http://sfglobe.com/2015/05/01/six-baltimore-police-officers-charged-in-freddie-grays-death/?src=home_feed: <urlopen error [Errno 11001] getaddrinfo failed>
2024-11-10 00:07:14,651 - ERROR - Error fetching web traffic for http://mic.com/articles/107372/49-tremendous-things-florida-men-accomplished-this-year: <urlopen error [Errno 11001] getaddrinfo failed>
2024-11-10 00:07:16,998 - ERROR - Error fetching web traffic for http://couchtuner.eu.com/2013/05/anger-management-s2-e17-charlie-lets-kate-take-charge.html: <urlopen error [Errno 11001] getaddrinfo failed>
2024-11-10 00:07:19,468 - ERROR - Error fetching web traffic for http://venturebeat.com/2015/05/08/yelp-sale-rumor-reminds-us-that-social-is-terrible-as-a-business-even-if-it-did-change-the-web/: <urlopen error [Errno 11001] getaddrinfo failed>
2024-11-10 00:07:21,403 - ERROR - Error fetching web traffic for http://allegro.pl/listing/listing.php?id=122233&order=m&string={string}&bmatch=seng-ps-mp-p-sm-isqm-2-e-0402: <urlopen error [Errno 11001] getaddrinfo failed>
2024-11-10 00:07:23,961 - ERROR - Error fetching web traffic for http://allegro.pl/listing/listing.php?id=20782&order=m&p=2&string={string}&bmatch=seng-v10-p-sm-isqm-2-o-0113: <urlopen error [Errno 11001] getaddrinfo failed>
2024-11-10 00:07:26,843 - ERROR - Error fetching web traffic for http://tinnhanh360.net/-ong-tay-de-thuong-ban-do-choi-dao-ha-noi-gay-ngac-nhien-thich-thu.html: <urlopen error [Errno 11001] getaddrinfo failed>
2024-11-10 00:07:28,769 - ERROR - Error fetching web traffic for http://metro.co.uk/2014/08/15/big-brother-2014-shock-twist-ashleigh-coyle-comes-second-4834723/: <urlopen error [Errno 11001] getaddrinfo failed>
2024-11-10 00:07:30,141 - ERROR - Error fetching web traffic for http://atwiki.jp/wiki/\uff2d\uff35\uff27\uff25\uff2e \u609f\u7a7a: URL can't contain control characters. '/data?cli=10&dat=s&url=http://atwiki.jp/wiki/\uff2d\uff35\uff27\uff25\uff2e \u609f\u7a7a' (found at least ' ')
2024-11-10 00:07:33,158 - ERROR - Error fetching web traffic for http://emgn.com/tv/schnauzer-passes-out-with-excitement-when-he-is-reunited-with-his-human-after-2-years/: <urlopen error [Errno 11001] getaddrinfo failed>
2024-11-10 00:07:36,052 - ERROR - Error fetching web traffic for http://nguyentandung.org/bo-truong-nguyen-bac-son-se-manh-tay-ngan-chan-tin-nhan-rac.html: <urlopen error [Errno 11001] getaddrinfo failed>
2024-11-10 00:07:38,731 - ERROR - Error trying to connect to socket: closing socket - [Errno 11001] getaddrinfo failed
2024-11-10 00:07:38,809 - ERROR - Error fetching web traffic for http://motthegioi.vn/tai-chinh-bat-dong-san/tu-17-nguoi-mua-nha-dat-phai-cong-them-hang-loat-chi-phi-187472.html: <urlopen error [Errno 11001] getaddrinfo failed>
2024-11-10 00:07:53,964 - ERROR - Error fetching web traffic for http://spankbang.com/4ze1/video/brunette+with+big+boobs+fucked+in+a+cellar+public+agent: <urlopen error [Errno 11001] getaddrinfo failed>
2024-11-10 00:08:16,870 - ERROR - Error fetching web traffic for http://torcache.net/torrent/FECDCFB88429EDAE6184E26D63EDD5A1AB2B1736.torrent?title=[kickass.to]bro.s.before.ho.s.2013.720p.brrip.nl.gesproken.dutchreleaseteam: <urlopen error [Errno 11001] getaddrinfo failed>
2024-11-10 00:08:20,802 - ERROR - Error fetching web traffic for http://mic.com/articles/117370/baltimore-reveals-why-we-need-our-musicians-now-more-than-ever: <urlopen error [Errno 11001] getaddrinfo failed>
2024-11-10 00:08:23,339 - ERROR - Error fetching web traffic for http://emgn.com/movies/person-of-interest-what-to-expect-from-season-4-release-date/: <urlopen error [Errno 11001] getaddrinfo failed>
2024-11-10 00:08:25,888 - ERROR - Error fetching web traffic for http://depositphotos.com/login.html?url=/34608623/stock-illustration-vector-abstract-3d-road-infographics.html: <urlopen error [Errno 11001] getaddrinfo failed>
2024-11-10 00:08:30,009 - ERROR - Error fetching web traffic for http://serverfault.com/questions/52370/what-is-the-order-group-policy-settings-are-applied: <urlopen error [Errno 11001] getaddrinfo failed>
2024-11-10 00:08:32,791 - ERROR - Error fetching web traffic for http://kakaku.com/kaden/portable-dvd-player/ranking_2026/pricedown/div-gpt-ad-k/header_text: <urlopen error [Errno 11001] getaddrinfo failed>
2024-11-10 00:08:37,283 - ERROR - Error fetching web traffic for http://indianexpress.com/article/world/asia/pak-officer-gave-up-osama-kayani-isi-chief-helped-us/: <urlopen error [Errno 11001] getaddrinfo failed>
2024-11-10 00:08:39,856 - ERROR - Error fetching web traffic for http://nypost.com/2015/05/13/brooklyn-man-kills-cheating-girlfriends-lover-then-self/?share=email: <urlopen error [Errno 11001] getaddrinfo failed>
2024-11-10 00:08:42,502 - ERROR - Error fetching web traffic for http://distractify.com/post/related/id/5543af854a0c4b511d7c70a2/skip/30/limit/10/back/0: <urlopen error [Errno 11001] getaddrinfo failed>
2024-11-10 00:08:46,309 - ERROR - Error fetching web traffic for http://sourceforge.net/directory/communications/add_facet_filter?facet=os&constraint=Mac: <urlopen error [Errno 11001] getaddrinfo failed>
2024-11-10 00:08:49,989 - ERROR - Error fetching web traffic for http://babal.net/books/view/960/\u062e\u064a\u0627\u0646\u0629-\u0627\u0644\u0645\u062b\u0642\u0641\u064a\u0646: 'ascii' codec can't encode characters in position 59-63: ordinal not in range(128)
2024-11-10 00:08:52,540 - ERROR - Error fetching web traffic for http://serverfault.com/questions/690852/use-powershell-to-start-a-gui-program-on-a-remote-machine: <urlopen error [Errno 11001] getaddrinfo failed>
2024-11-10 00:09:04,322 - ERROR - Error fetching web traffic for http://cookpad.com/login?rt=/category/recommend/590?rt=%2Fcategory%2F590: <urlopen error [Errno 11001] getaddrinfo failed>
2024-11-10 00:09:08,817 - ERROR - Error fetching web traffic for http://plarium.com/en/strategy-games/stormfall-age-of-war/news/withdraw-to-the-catacombs/: <urlopen error [Errno 11001] getaddrinfo failed>
2024-11-10 00:09:12,448 - ERROR - Error fetching web traffic for http://pikabu.ru/tag/\u0441\u0442\u0430\u0432\u0440\u043e\u043f\u043e\u043b\u044c/hot: 'ascii' codec can't encode characters in position 48-57: ordinal not in range(128)
2024-11-10 00:09:17,483 - ERROR - Error fetching web traffic for http://grantland.com/hollywood-prospectus/2015-oscar-nomination-predictions-best-director-best-picture/: <urlopen error [Errno 11001] getaddrinfo failed>
2024-11-10 00:09:19,308 - ERROR - Error fetching web traffic for http://allegro.pl/listing/user/listing.php?us_id=25662671&order=p&string=B-110+HIT&search_scope=userItems-25662671&bmatch=s0-default-0113&sh_dwh_token=d0b6dd74a8394345128e20d296cb1c5e: <urlopen error [Errno 11001] getaddrinfo failed>
2024-11-10 00:09:21,445 - ERROR - Error fetching web traffic for http://nguyentandung.org/bai-do-xe-ngam-trong-cong-vien-thong-nhat-thu-hoi-von-cach-nao.html: <urlopen error [Errno 11001] getaddrinfo failed>
2024-11-10 00:09:23,918 - ERROR - Error fetching web traffic for http://allegro.pl/listing/listing.php?bmatch=seng-v6-p-sm-isqm-2-ce-0113&id=175&order=m&string={string}: <urlopen error [Errno 11001] getaddrinfo failed>
2024-11-10 00:09:26,351 - ERROR - Error fetching web traffic for http://europa.eu/about-eu/agencies/regulatory_agencies_bodies/policy_agencies/eurofound/index_en.htm: <urlopen error [Errno 11001] getaddrinfo failed>
2024-11-10 00:09:29,679 - ERROR - Error fetching web traffic for http://extratorrent.cc/torrent/4190380/VA-Unusual_Techno_One_LP-WEB-2015-CBR_INT.html: <urlopen error [Errno 11001] getaddrinfo failed>
2024-11-10 00:09:31,820 - ERROR - Error fetching web traffic for http://persianblog.ir/tags/42604/8/\u0633\u0647\u0631\u0627\u0628_\u0633\u067e\u0647\u0631\u06cc/: 'ascii' codec can't encode characters in position 62-66: ordinal not in range(128)
2024-11-10 00:09:44,865 - ERROR - Error fetching web traffic for http://distractify.com/post/related/id/5537c6314a0c4b89316cdbdf/skip/20/limit/10/back/0: <urlopen error [Errno 11001] getaddrinfo failed>
2024-11-10 00:09:46,998 - ERROR - Error trying to connect to socket: closing socket - [Errno 11001] getaddrinfo failed
2024-11-10 00:09:46,998 - ERROR - Error fetching web traffic for http://kenh14.vn/star/lo-dien-ban-trai-hot-boy-cua-van-mai-huong-20140716121655295.chn: <urlopen error [Errno 11001] getaddrinfo failed>
2024-11-10 00:09:51,084 - ERROR - Error fetching web traffic for https://twitter.com/share?url=http://hubpages.com/hub/Whats-the-difference-between-self-esteem-and-confidence&text=Definitions+of+Confidence+&+Self+Esteem+-+What's+the+Difference?: <urlopen error [Errno 11001] getaddrinfo failed>
2024-11-10 00:10:03,489 - ERROR - Error fetching web traffic for http://nesn.com/2015/04/draftkings-giancarlo-stanton-mookie-betts-in-tom-carons-fantasy-lineup/: <urlopen error [Errno 11001] getaddrinfo failed>
2024-11-10 00:10:05,140 - ERROR - Error fetching web traffic for http://fishki.net/1526766-kapello-zajavil-o-bezumii-prezidenta-rfs.html?mode=recent: <urlopen error [Errno 11001] getaddrinfo failed>
2024-11-10 00:10:08,117 - ERROR - Error fetching web traffic for http://syosetu.com/searchuser/search/index.php?name1st=\u3080&all=1&all2=1&all3=1&all4=1&p=10: <urlopen error [Errno 11001] getaddrinfo failed>
2024-11-10 00:10:10,385 - ERROR - Error fetching web traffic for http://akhbarelyom.com/news/newdetails/411497/1/\u0645\u0635\u0631-\u0627\u0644\u0639\u0637\u0627\u0621-\u062a.html: 'ascii' codec can't encode characters in position 75-77: ordinal not in range(128)
2024-11-10 00:10:11,488 - ERROR - Error fetching web traffic for http://allegro.pl/triumph-stringi-precious-essence-string-granat-40-i5035632976.html: <urlopen error [Errno 11001] getaddrinfo failed>
2024-11-10 00:10:23,905 - ERROR - Error fetching web traffic for http://getpocket.com/signup?mode=socialmode&route=http://getpocket.com/p/pocket-topics/fitness: <urlopen error [Errno 11001] getaddrinfo failed>
2024-11-10 00:10:27,009 - ERROR - Error fetching web traffic for http://mylust.com/videos/235751/sexy-hentai-chick-gets-her-huge-succulent-tits-squeezed/: <urlopen error [Errno 11001] getaddrinfo failed>
2024-11-10 00:10:29,065 - ERROR - Error fetching web traffic for http://censor.net.ua/photo_news/335629/v_tsentre_donetska_ural_boevikov_dnr_razdavil_jiguli_2_pogibshih_narod_ne_protestuet_foto: <urlopen error [Errno 11001] getaddrinfo failed>
2024-11-10 00:10:32,101 - ERROR - Error fetching web traffic for http://pornsharing.com/latina-girl-chloe-amour-and-busty-blonde-step-mom-julia-ann-get-face-fucked_v78082: <urlopen error [Errno 11001] getaddrinfo failed>
2024-11-10 00:10:35,146 - ERROR - Error fetching web traffic for http://genius.com/4810956/Ol-dirty-bastard-never-before-seen-ol-dirty-bastard-raw-and-uncut-interview/But-its-just-hey-the-kids-love-dirty-you-know-what-i-mean-every-time-they-see-dirty-they-smile-you-know-what-i-mean: <urlopen error [Errno 11001] getaddrinfo failed>
2024-11-10 00:10:38,759 - ERROR - Error fetching web traffic for http://sourceforge.net/directory/communications/add_facet_filter?facet=language&constraint=PL/SQL: <urlopen error [Errno 11001] getaddrinfo failed>
2024-11-10 00:10:41,907 - ERROR - Error fetching web traffic for http://codecanyon.net/item/bitdrop-file-hosting-with-short-url-link/full_screen_preview/426023: <urlopen error [Errno 11001] getaddrinfo failed>
2024-11-10 00:10:44,671 - ERROR - Error fetching web traffic for http://qz.com/404309/photos-silicon-valley-fashion-week-kicks-off-with-drone-models/: <urlopen error [Errno 11001] getaddrinfo failed>
2024-11-10 00:10:47,857 - ERROR - Error trying to connect to socket: closing socket - [Errno 11001] getaddrinfo failed
2024-11-10 00:10:47,906 - ERROR - Error fetching web traffic for http://kenh14.vn/2-tek/ban-jailbreak-he-dieu-hanh-ios-613-toi-ios-615-chinh-thuc-trinh-lang-2013122404361169.chn: <urlopen error [Errno 11001] getaddrinfo failed>
2024-11-10 00:10:51,927 - ERROR - Error fetching web traffic for http://uproxx.com/movies/2015/04/paul-bettany-gives-us-a-glimpse-of-vision-in-action-in-avengers-age-of-ultron/: <urlopen error [Errno 11001] getaddrinfo failed>
2024-11-10 00:10:53,977 - ERROR - Error fetching web traffic for http://babal.net/women/view/80/\u062f\u0644\u0651\u0644\u064a-\u0646\u0641\u0633\u0643-\u0623\u064a\u062a\u0647\u0627-\u0627\u0644\u0623\u0645-\u0645\u0639-\u0647\u0630\u0647-\u0627\u0644\u0646\u0635\u0627\u0626\u062d: 'ascii' codec can't encode characters in position 58-62: ordinal not in range(128)
2024-11-10 00:10:56,168 - ERROR - Error fetching web traffic for http://mic.com/articles/116370/avengers-stars-sexist-jokes-illustrate-a-major-problem-with-the-comic-book-industry: <urlopen error [Errno 11001] getaddrinfo failed>
2024-11-10 00:10:58,106 - ERROR - Error fetching web traffic for http://torcache.net/torrent/0FF0E2F39CD5AB403EE03F8E1B69127D0476D976.torrent?title=[kickass.to]komban.2015.hq.real.dvdscr.xvid.1cd.700mb.tamil: <urlopen error [Errno 11001] getaddrinfo failed>
2024-11-10 00:11:00,033 - ERROR - Error fetching web traffic for https://paytm.com/blog/paytm-offer-for-app-users-get-upto-rs-50-cash-back/?share=email: <urlopen error [Errno 11001] getaddrinfo failed>
2024-11-10 00:11:01,698 - ERROR - Error trying to connect to socket: closing socket - [Errno 11001] getaddrinfo failed
2024-11-10 00:11:01,735 - ERROR - Error fetching web traffic for http://motthegioi.vn/suckhoe/nu-cuoi-y-hoc/nu-cuoi-suc-khoe-nhung-li-do-nen-yeu-chang-trai-bung-bu-188294.html: <urlopen error [Errno 11001] getaddrinfo failed>
2024-11-10 00:11:03,568 - ERROR - Error fetching web traffic for http://torcache.net/torrent/047D47DFF4DC5CD9BEA6D0F4C57D68F2F2D71205.torrent?title=[kickass.to]night.at.the.museum.secret.of.the.tomb.2014.1080p.brrip.x264.yify: <urlopen error [Errno 11001] getaddrinfo failed>
2024-11-10 00:11:05,854 - ERROR - Error fetching web traffic for http://extratorrent.cc/torrent/4189616/Jedi+Mind.Tricks.The.Thief.and.the.Fallen.2015.mp3.vbr.NOiR.html: <urlopen error [Errno 11001] getaddrinfo failed>
2024-11-10 00:11:07,898 - ERROR - Error fetching web traffic for http://genius.com/2990084/Us-general-services-administration-gsa-mentor-protege-program-subpart-51970/Incentives-for-prime-contractors: <urlopen error [Errno 11001] getaddrinfo failed>
2024-11-10 00:11:09,554 - ERROR - Error trying to connect to socket: closing socket - [Errno 11001] getaddrinfo failed
2024-11-10 00:11:09,559 - ERROR - Error fetching web traffic for http://kienthuc.net.vn/tin-tuc-tuyen-sinh/ty-le-choi-cua-dai-hoc-fpt-nam-2014-487408.html: <urlopen error [Errno 11001] getaddrinfo failed>
2024-11-10 00:11:12,210 - ERROR - Error fetching web traffic for http://sourceforge.net/directory/development/add_facet_filter?facet=license&constraint=OSI-Approved+Open+Source+::+PHP+License: <urlopen error [Errno 11001] getaddrinfo failed>
2024-11-10 00:11:16,474 - ERROR - Error fetching web traffic for http://nypost.com/2015/01/28/tepper-loses-fight-to-restructure-caesars-in-delaware/: <urlopen error [Errno 11001] getaddrinfo failed>
2024-11-10 00:11:28,711 - ERROR - Error fetching web traffic for http://ap.org/Content/Press-Release/2013/NFL-celebrates-season-with-NFL-Honors-Super-Bowl-Eve: <urlopen error [Errno 11001] getaddrinfo failed>
2024-11-10 00:11:31,460 - ERROR - Error fetching web traffic for http://indianexpress.com/article/cities/ludhiana/32-year-old-commits-suicide-at-in-laws-place-in-ludhiana/: <urlopen error [Errno 11001] getaddrinfo failed>
2024-11-10 00:11:33,816 - ERROR - Error fetching web traffic for http://extratorrent.cc/torrent_download/4191066/Chappie.2015.720p.WEB-DL.AAC2.0.H.264-PLAYNOW.torrent: <urlopen error [Errno 11001] getaddrinfo failed>
2024-11-10 00:11:35,523 - ERROR - Error fetching web traffic for http://correios.com.br/english/the-brazil-post/education-and-culture/cultural-centers/cultural-center-of-rio-de-janeiro: <urlopen error [Errno 11001] getaddrinfo failed>
2024-11-10 00:11:41,156 - ERROR - Error fetching web traffic for http://web.de/magazine/sport/fussball/champions-league/fc-bayern-muenchen-fc-barcelona/fc-bayern-muenchen-fc-barcelona-enrique-fuerchtet-freund-guardiola-30633596: <urlopen error [Errno 11001] getaddrinfo failed>
2024-11-10 00:11:44,169 - ERROR - Error fetching web traffic for http://noticias.uol.com.br/saude/album/2015/03/17/dengue-pelo-brasil.htm?abrefoto=63: <urlopen error [Errno 11001] getaddrinfo failed>
2024-11-10 00:11:58,939 - ERROR - Error fetching web traffic for http://bdnews24.com/economy/2015/05/05/world-bank-to-give-bangladesh-200-million-loan-to-cut-poverty: <urlopen error [Errno 11001] getaddrinfo failed>
2024-11-10 00:12:00,701 - ERROR - Error trying to connect to socket: closing socket - [Errno 11001] getaddrinfo failed
2024-11-10 00:12:00,712 - ERROR - Error fetching web traffic for http://kenh14.vn/tv-show/viet-huong-gao-thet-to-chong-leng-pheng-trai-tre-20150208121726226.chn: <urlopen error [Errno 11001] getaddrinfo failed>
2024-11-10 00:12:04,668 - ERROR - Error fetching web traffic for http://codecanyon.net/item/photofans-your-social-network-to-share-photos/full_screen_preview/6308014: <urlopen error [Errno 11001] getaddrinfo failed>
2024-11-10 00:12:07,930 - ERROR - Error fetching web traffic for http://tunein.com/radio/Carolina-Mudcats-at-Myrtle-Beach-Pelicans-May-13-2015-p729095/: <urlopen error [Errno 11001] getaddrinfo failed>
2024-11-10 00:12:10,685 - ERROR - Error fetching web traffic for http://nguyentandung.org/vi-sao-nguyen-tong-bien-tap-bao-nguoi-cao-tuoi-bi-khoi-to.html: <urlopen error [Errno 11001] getaddrinfo failed>
2024-11-10 00:12:17,118 - ERROR - Error trying to connect to socket: closing socket - [WinError 10061] No connection could be made because the target machine actively refused it
2024-11-10 00:12:17,154 - ERROR - Error fetching web traffic for http://kickass.to/microsoft-office-professional-plus-2013-64-bit-english-rareabyss-t10091322.html: <urlopen error [Errno 11001] getaddrinfo failed>
2024-11-10 00:12:39,138 - ERROR - Error fetching web traffic for http://weathernews.jp/smart/sora_mission/0/glance.html?missionid=1431484304.67676&fm=sw&fmdotop=2: <urlopen error [Errno 11001] getaddrinfo failed>
2024-11-10 00:12:40,186 - ERROR - Error fetching web traffic for http://atwiki.jp/wiki/\u8a66\u9a13\u4e2d \u9707\u707d\u5bfe\u5fdc: URL can't contain control characters. '/data?cli=10&dat=s&url=http://atwiki.jp/wiki/\u8a66\u9a13\u4e2d \u9707\u707d\u5bfe\u5fdc' (found at least ' ')
2024-11-10 00:12:42,601 - ERROR - Error fetching web traffic for http://plarium.com/en/strategy-games/sparta-war-of-empires/mmo-masters/offensive-positions: <urlopen error [Errno 11001] getaddrinfo failed>
2024-11-10 00:12:46,151 - ERROR - Error fetching web traffic for https://chaturbate.com/tipping/spy_on_private_show_tokens_per_minute/ingridblondy94/: <urlopen error [Errno 11001] getaddrinfo failed>
2024-11-10 00:13:09,766 - ERROR - Error fetching web traffic for http://babal.net/news/view/42903/\u062d\u0628\u0633-\u0645\u062d\u0627\u0641\u0638-\u0627\u0644\u0623\u0642\u0635\u0631-\u0627\u0644\u0633\u0627\u0628\u0642-\u0639\u0627\u0645\u064a\u0646-\u0648\u062a\u063a\u0631\u064a\u0645\u0647-10-\u0622\u0644\u0627\u0641-\u062c\u0646\u064a\u0647-\u0644\u0639\u062f\u0645-\u062a\u0646\u0641\u064a\u0630\u0647-\u062d\u0643\u0645\u0627-\u0642\u0636\u0627\u0626\u064a\u0627: 'ascii' codec can't encode characters in position 60-62: ordinal not in range(128)
2024-11-10 00:13:11,013 - ERROR - Error fetching web traffic for http://sberbank.ru/portalserver/sb-portal-ru/ru/person/paymentsandremittances/remittance/in/beznal_rus/beznal_snal_rus: <urlopen error [Errno 11001] getaddrinfo failed>
2024-11-10 00:13:13,553 - ERROR - Error fetching web traffic for http://torcache.net/torrent/3671994FE2E23CC3E914E74EB63E5A85AA184B4B.torrent?title=[kickass.to]focus.2015.720p.hq.ac3.dd5.1.externe.eng.nl.subs.tbs: <urlopen error [Errno 11001] getaddrinfo failed>
2024-11-10 00:13:15,637 - ERROR - Error fetching web traffic for http://torcache.net/torrent/110A54D90A4F523BF7051AAD5ADE8F5E72FC3ED2.torrent?title=[kickass.to]hentai.3d.milky.maid.may.2015: <urlopen error [Errno 11001] getaddrinfo failed>
2024-11-10 00:13:16,436 - ERROR - Error fetching web traffic for http://pikabu.ru/tag/\u0410\u0440\u0435\u043d\u0434\u0430 \u0436\u0438\u043b\u044c\u044f/hot: URL can't contain control characters. '/data?cli=10&dat=s&url=http://pikabu.ru/tag/\u0410\u0440\u0435\u043d\u0434\u0430 \u0436\u0438\u043b\u044c\u044f/hot' (found at least ' ')
2024-11-10 00:13:18,299 - ERROR - Error fetching web traffic for http://mirtesen.ru/url?e=simple_click&blog_post_id=43032218893&url=http://narodnayamedicyna.ru/blog/43032218893/sudorogi: <urlopen error [Errno 11001] getaddrinfo failed>
2024-11-10 00:13:19,440 - ERROR - Error fetching web traffic for http://mirtesen.ru/url?e=simple_click&blog_post_id=43294960453&url=http://s30469371943.mirtesen.ru/blog/43294960453/Ah-leto!: <urlopen error [Errno 11001] getaddrinfo failed>
2024-11-10 00:13:21,305 - ERROR - Error fetching web traffic for http://distractify.com/post/related/id/54b985434a0c4b136ee6813d/skip/20/limit/10/back/0: <urlopen error [Errno 11001] getaddrinfo failed>
2024-11-10 00:13:23,973 - ERROR - Error fetching web traffic for http://jalopnik.com/5958144/gourmet-food-trucks-feed-storm-battered-and-starved-coney-island-residents: <urlopen error [Errno 11001] getaddrinfo failed>
2024-11-10 00:13:26,593 - ERROR - Error fetching web traffic for http://techcrunch.com/2015/01/11/from-a-rebuilt-60s-motel-in-vegas-orderwithme-tackles-big-e-commerce-challenges/: <urlopen error [Errno 11001] getaddrinfo failed>
2024-11-10 00:13:29,231 - ERROR - Error fetching web traffic for https://twitter.com/home?status=\u30cc\u3051\u308b\uff01\u3010\u30a2\u30cb\u30e1\u3011+http://ero-video.net/t/fnLTNjuNx6qWFt13+\u30a2\u30eb\u30d0\u30a4\u30c8\u306e\u5148\u8f29\u306e\u5973\u306e\u30b3\u3068\u30a8\u30c3\u30c1\u3000\u7434\u5e73\u3055\u3086+#ero+#douga+#agesage: <urlopen error [Errno 11001] getaddrinfo failed>
2024-11-10 00:13:32,243 - ERROR - Error fetching web traffic for http://torcache.net/torrent/9CFDD892CDA9F5EEA5DB98A955E4E1382262E670.torrent?title=[kickass.to]arrow.s03e04.hdtv.x264.lol.eztv: <urlopen error [Errno 11001] getaddrinfo failed>
2024-11-10 00:13:34,778 - ERROR - Error fetching web traffic for http://arstechnica.com/science/2015/05/carbon-emissions-put-sixteen-percent-of-species-at-risk-of-extinction/: <urlopen error [Errno 11001] getaddrinfo failed>
2024-11-10 00:13:38,531 - ERROR - Error fetching web traffic for http://tunein.com/radio/Economics-of-Political-Memoir---Marketplace-May-13-2015-p729173/15480783/ca-pub-1542925551861702/Program: <urlopen error [Errno 11001] getaddrinfo failed>
2024-11-10 00:13:52,552 - ERROR - Error fetching web traffic for http://torrentdn.com/bbs/s.php?bo_table=torrent_mid&wr_id=57742&k=\uc655\uc88c&page=1: <urlopen error [Errno 11001] getaddrinfo failed>
2024-11-10 00:13:58,369 - ERROR - Error fetching web traffic for http://searchengineland.com/twitters-full-google-search-integration-is-coming-in-may-219941: <urlopen error [Errno 11001] getaddrinfo failed>
2024-11-10 00:14:10,370 - ERROR - Error fetching web traffic for http://nesn.com/2014/07/veteran-leaders-return-to-field-for-day-1-of-patriots-training-camp-video/: <urlopen error [Errno 11001] getaddrinfo failed>
2024-11-10 00:14:13,703 - ERROR - Error fetching web traffic for https://paytm.com/blog/pep-up-this-summer-season-with-paytms-first-ever-fashion-fest/: <urlopen error [Errno 11001] getaddrinfo failed>
2024-11-10 00:14:16,132 - ERROR - Error fetching web traffic for http://torcache.net/torrent/523EF7169F14C884FC2AD988451BBB6A4E0BD5F4.torrent?title=[kickass.to]project.almanac.2014.720p.brrip.x264.yify: <urlopen error [Errno 11001] getaddrinfo failed>
2024-11-10 00:14:17,733 - ERROR - Error fetching web traffic for http://metro.co.uk/2015/04/01/zayn-malik-loses-50000-twitter-follows-in-wake-of-one-direction-departure-but-dont-worry-hes-still-popular-5131044/: <urlopen error [Errno 11001] getaddrinfo failed>
2024-11-10 00:14:19,883 - ERROR - Error fetching web traffic for http://censor.net.ua/jokes/all/page/1/hero/0/category/138/interval/5/author/0/sortby/date: <urlopen error [Errno 11001] getaddrinfo failed>
2024-11-10 00:14:22,149 - ERROR - Error fetching web traffic for http://depositphotos.com/login.html?url=/25901805/stock-photo-breakfast-with-coffee-orange-juice.html: <urlopen error [Errno 11001] getaddrinfo failed>
2024-11-10 00:14:25,636 - ERROR - Error fetching web traffic for http://putlocker.is/watch-night-at-the-museum-secret-of-the-tomb-online-free-putlocker.html: <urlopen error [Errno 11001] getaddrinfo failed>
2024-11-10 00:14:28,741 - ERROR - Error fetching web traffic for http://tunein.com/radio/Radio-Fredericton-905-s12073/15480783/ca-pub-1542925551861702/StationLeader: <urlopen error [Errno 11001] getaddrinfo failed>
2024-11-10 00:14:31,517 - ERROR - Error fetching web traffic for http://lifehacker.com/5910717/plan-your-free-online-education-at-lifehacker-u-summer-semester-2012: <urlopen error [Errno 11001] getaddrinfo failed>
2024-11-10 00:14:35,111 - ERROR - Error fetching web traffic for http://extratorrent.cc/torrent/4189607/The+Sleepwalker.2014.LiMiTED.DVDRip.x264.LPD.html: <urlopen error [Errno 11001] getaddrinfo failed>
2024-11-10 00:14:37,133 - ERROR - Error fetching web traffic for http://mylust.com/videos/64031/chinese-orgy-with-sexy-and-skinny-asian-babe-in-her-bedroom/: <urlopen error [Errno 11001] getaddrinfo failed>
2024-11-10 00:14:39,483 - ERROR - Error fetching web traffic for http://buzzfil.net/m/show-art/voici-16-voisins-qui-ont-pique-une-crise-de-nerfs-9.html: <urlopen error [Errno 11001] getaddrinfo failed>
2024-11-10 00:15:20,150 - ERROR - Error fetching web traffic for http://censor.net.ua/video_news/334975/ochered_za_pensieyi_v_okkupirovannom_luganske_ty_so_zvukom_zapishi_s_matyukami_video: <urlopen error [Errno 11001] getaddrinfo failed>
2024-11-10 00:15:32,634 - ERROR - Error fetching web traffic for http://ap.org/Content/Press-Release/2014/The-personal-news-cycle-how-Americans-get-their-news: <urlopen error [Errno 11001] getaddrinfo failed>
2024-11-10 00:15:34,875 - ERROR - Error fetching web traffic for http://akhbarelyom.com/news/newdetails/411484/1/\u0645\u0635\u0631\u064a\u062a\u0627\u0646-\u0641\u0642\u0637-.html: 'ascii' codec can't encode characters in position 75-81: ordinal not in range(128)
2024-11-10 00:15:36,432 - ERROR - Error fetching web traffic for http://sourceforge.net/directory/communications/add_facet_filter?facet=os&constraint=Modern+(Vendor-Supported)+Desktop+Operating+Systems+::+OpenBSD: <urlopen error [Errno 11001] getaddrinfo failed>
2024-11-10 00:15:40,437 - ERROR - Error fetching web traffic for http://kakaku.com/kaden/label-writer/ranking_2076/pricedown/div-gpt-ad-k/header_text: <urlopen error [Errno 11001] getaddrinfo failed>
2024-11-10 00:15:50,103 - ERROR - Error fetching web traffic for http://jezebel.com/jameis-winston-files-lawsuit-against-woman-who-accused-1703312090/+miamirohan: <urlopen error [Errno 11001] getaddrinfo failed>
2024-11-10 00:15:51,932 - ERROR - Error fetching web traffic for http://grantland.com/hollywood-prospectus/mad-men-power-rankings-episode-710-the-forecast/: <urlopen error [Errno 11001] getaddrinfo failed>
2024-11-10 00:15:53,684 - ERROR - Error fetching web traffic for https://www.gov.uk/government/world/uk-delegation-to-organization-for-security-and-co-operation-in-europe: <urlopen error [Errno 11001] getaddrinfo failed>
2024-11-10 00:15:56,941 - ERROR - Error fetching web traffic for http://emgn.com/entertainment/youll-be-left-speechless-at-the-wartime-bravery-of-these-22-animal-heroes/: <urlopen error [Errno 11001] getaddrinfo failed>
2024-11-10 00:16:09,342 - ERROR - Error fetching web traffic for http://bdnews24.com/politics/2015/05/02/dire-consequences-unless-city-polls-cancelled-bnp-s-hannan-shah: <urlopen error [Errno 11001] getaddrinfo failed>
2024-11-10 00:16:10,785 - ERROR - Error fetching web traffic for http://web.de/magazine/unterhaltung/adel/royal-baby-2/wohnt-prinzessin-charlotte-elizabeth-diana-30619870: <urlopen error [Errno 11001] getaddrinfo failed>
2024-11-10 00:16:14,500 - ERROR - Error fetching web traffic for http://extratorrent.cc/torrent/4189415/Snow,+Heather-Sweet+Deception+-+epub+-+zeke23.html: <urlopen error [Errno 11001] getaddrinfo failed>
2024-11-10 00:16:16,607 - ERROR - Error fetching web traffic for http://torcache.net/torrent/4EFE4986FC8B15951469CF6AC82FE102E8C9007A.torrent?title=[kickass.to]if.i.stay.2014.720p.brrip.x264.yify: <urlopen error [Errno 11001] getaddrinfo failed>
2024-11-10 00:16:18,710 - ERROR - Error fetching web traffic for https://twitter.com/share?url=http://hubpages.com/hub/EMT-Electrical-Conduit-Pipe-Bending-the-Math-Behind-a-Conduit-Bending-Guide&text=Formulas+and+Multipliers+For+Bending+Conduit+or+Electrical+Pipe: <urlopen error [Errno 11001] getaddrinfo failed>
2024-11-10 00:16:21,442 - ERROR - Error fetching web traffic for http://seekingalpha.com/article/2471615-mexico-economy-to-move-with-energy-reforms-part-1: <urlopen error [Errno 11001] getaddrinfo failed>
2024-11-10 00:16:25,303 - ERROR - Error fetching web traffic for http://web.tv/liveCategory/6/language/1/index/changeLanguage/newshared/searchAutoComplete: <urlopen error [Errno 11001] getaddrinfo failed>
2024-11-10 00:16:28,209 - ERROR - Error fetching web traffic for http://indianexpress.com/article/sports/football/chelsea-go-past-leicester-city-3-1-eye-premier-league-title/: <urlopen error [Errno 11001] getaddrinfo failed>
2024-11-10 00:16:30,070 - ERROR - Error fetching web traffic for http://web.de/magazine/sport/fussball/champions-league/wunder-fc-schalke-04-real-madrid-champions-league-17321480: <urlopen error [Errno 11001] getaddrinfo failed>
2024-11-10 00:16:31,753 - ERROR - Error fetching web traffic for http://olx.co.id/i2/elektronik-gadget/komputer/keyboard-mouse/elektronik-gadget/komputer/keyboard-mouse: <urlopen error [Errno 11001] getaddrinfo failed>
